[2013-08-08 10:44:46] phpDocumentor.INFO: Collecting files ..  [] []
[2013-08-08 10:44:46] phpDocumentor.INFO: OK [] []
[2013-08-08 10:44:46] phpDocumentor.INFO: Initializing parser ..  [] []
[2013-08-08 10:44:46] phpDocumentor.INFO: OK [] []
[2013-08-08 10:44:46] phpDocumentor.INFO: Parsing files [] []
[2013-08-08 10:44:46] phpDocumentor.INFO: Parsing /var/www/fuelphp/fuel/app/bootstrap.php [] []
[2013-08-08 10:44:46] phpDocumentor.INFO: Parsing /var/www/fuelphp/fuel/app/config/development/db.php [] []
[2013-08-08 10:44:46] phpDocumentor.INFO: Parsing /var/www/fuelphp/fuel/app/config/routes.php [] []
[2013-08-08 10:44:46] phpDocumentor.INFO: Parsing /var/www/fuelphp/fuel/app/config/production/db.php [] []
[2013-08-08 10:44:46] phpDocumentor.INFO: Parsing /var/www/fuelphp/fuel/app/config/crypt.php [] []
[2013-08-08 10:44:46] phpDocumentor.INFO: Parsing /var/www/fuelphp/fuel/app/config/db.php [] []
[2013-08-08 10:44:46] phpDocumentor.INFO: Parsing /var/www/fuelphp/fuel/app/config/config.php [] []
[2013-08-08 10:44:46] phpDocumentor.INFO: Parsing /var/www/fuelphp/fuel/app/config/auth.php [] []
[2013-08-08 10:44:46] phpDocumentor.INFO: Parsing /var/www/fuelphp/fuel/app/config/test/db.php [] []
[2013-08-08 10:44:46] phpDocumentor.INFO: Parsing /var/www/fuelphp/fuel/app/config/simpleauth.php [] []
[2013-08-08 10:44:46] phpDocumentor.INFO: Parsing /var/www/fuelphp/fuel/app/config/staging/db.php [] []
[2013-08-08 10:44:46] phpDocumentor.INFO: Parsing /var/www/fuelphp/fuel/app/views/template.php [] []
[2013-08-08 10:44:46] phpDocumentor.INFO: Parsing /var/www/fuelphp/fuel/app/views/hello.php [] []
[2013-08-08 10:44:46] phpDocumentor.INFO: Parsing /var/www/fuelphp/fuel/app/views/mylink.php [] []
[2013-08-08 10:44:46] phpDocumentor.INFO: Parsing /var/www/fuelphp/fuel/app/views/validate/login.php [] []
[2013-08-08 10:44:46] phpDocumentor.INFO: Parsing /var/www/fuelphp/fuel/app/views/validate/expired.php [] []
[2013-08-08 10:44:46] phpDocumentor.INFO: Parsing /var/www/fuelphp/fuel/app/views/links.php [] []
[2013-08-08 10:44:46] phpDocumentor.INFO: Parsing /var/www/fuelphp/fuel/app/views/root/adduser.php [] []
[2013-08-08 10:44:46] phpDocumentor.INFO: Parsing /var/www/fuelphp/fuel/app/views/root/details.php [] []
[2013-08-08 10:44:46] phpDocumentor.INFO: Parsing /var/www/fuelphp/fuel/app/views/root/list2.php [] []
[2013-08-08 10:44:46] phpDocumentor.INFO: Parsing /var/www/fuelphp/fuel/app/views/root/list1.php [] []
[2013-08-08 10:44:46] phpDocumentor.INFO: Parsing /var/www/fuelphp/fuel/app/views/root/list3.php [] []
[2013-08-08 10:44:46] phpDocumentor.INFO: Parsing /var/www/fuelphp/fuel/app/views/root/cart.php [] []
[2013-08-08 10:44:46] phpDocumentor.INFO: Parsing /var/www/fuelphp/fuel/app/views/root/index.php [] []
[2013-08-08 10:44:46] phpDocumentor.INFO: Parsing /var/www/fuelphp/fuel/app/views/root/list4.php [] []
[2013-08-08 10:44:46] phpDocumentor.INFO: Parsing /var/www/fuelphp/fuel/app/views/header.php [] []
[2013-08-08 10:44:46] phpDocumentor.INFO: Parsing /var/www/fuelphp/fuel/app/views/auth/login.php [] []
[2013-08-08 10:44:46] phpDocumentor.INFO: Parsing /var/www/fuelphp/fuel/app/views/empty.php [] []
[2013-08-08 10:44:46] phpDocumentor.INFO: Parsing /var/www/fuelphp/fuel/app/views/style.php [] []
[2013-08-08 10:44:46] phpDocumentor.INFO: Parsing /var/www/fuelphp/fuel/app/views/script.php [] []
[2013-08-08 10:44:46] phpDocumentor.INFO: Parsing /var/www/fuelphp/fuel/app/views/books/add.php [] []
[2013-08-08 10:44:46] phpDocumentor.INFO: Parsing /var/www/fuelphp/fuel/app/views/books/modify.php [] []
[2013-08-08 10:44:46] phpDocumentor.INFO: Parsing /var/www/fuelphp/fuel/app/views/welcome/hello.php [] []
[2013-08-08 10:44:46] phpDocumentor.INFO: Parsing /var/www/fuelphp/fuel/app/views/welcome/404.php [] []
[2013-08-08 10:44:46] phpDocumentor.INFO: Parsing /var/www/fuelphp/fuel/app/views/welcome/update.php [] []
[2013-08-08 10:44:46] phpDocumentor.INFO: Parsing /var/www/fuelphp/fuel/app/views/welcome/index.php [] []
[2013-08-08 10:44:46] phpDocumentor.INFO: Parsing /var/www/fuelphp/fuel/app/logs/2013/08/02.php [] []
[2013-08-08 10:44:46] phpDocumentor.INFO: Parsing /var/www/fuelphp/fuel/app/logs/2013/08/08.php [] []
[2013-08-08 10:44:46] phpDocumentor.INFO: Parsing /var/www/fuelphp/fuel/app/logs/2013/08/05.php [] []
[2013-08-08 10:44:46] phpDocumentor.INFO: Parsing /var/www/fuelphp/fuel/app/logs/2013/08/07.php [] []
[2013-08-08 10:44:46] phpDocumentor.INFO: Parsing /var/www/fuelphp/fuel/app/logs/2013/08/06.php [] []
[2013-08-08 10:44:46] phpDocumentor.INFO: Parsing /var/www/fuelphp/fuel/app/classes/controller/protected.php [] []
[2013-08-08 10:44:46] phpDocumentor.INFO:   No summary for class \Controller_Protected [] []
[2013-08-08 10:44:46] phpDocumentor.INFO:   No summary for method before() [] []
[2013-08-08 10:44:46] phpDocumentor.INFO: Parsing /var/www/fuelphp/fuel/app/classes/controller/welcome.php [] []
[2013-08-08 10:44:46] phpDocumentor.INFO:   No summary for method action_index() [] []
[2013-08-08 10:44:46] phpDocumentor.INFO: Parsing /var/www/fuelphp/fuel/app/classes/controller/hello.php [] []
[2013-08-08 10:44:46] phpDocumentor.INFO:   No summary for method action_index() [] []
[2013-08-08 10:44:46] phpDocumentor.INFO:   No summary for method action_buddy() [] []
[2013-08-08 10:44:46] phpDocumentor.INFO: Parsing /var/www/fuelphp/fuel/app/classes/controller/auth.php [] []
[2013-08-08 10:44:46] phpDocumentor.INFO:   No summary for method action_login() [] []
[2013-08-08 10:44:46] phpDocumentor.INFO: Parsing /var/www/fuelphp/fuel/app/classes/controller/update.php [] []
[2013-08-08 10:44:46] phpDocumentor.INFO:   No summary for class \Controller_Update [] []
[2013-08-08 10:44:46] phpDocumentor.INFO:   No summary for method action_index() [] []
[2013-08-08 10:44:46] phpDocumentor.INFO:   No summary for method post_index() [] []
[2013-08-08 10:44:46] phpDocumentor.INFO: Parsing /var/www/fuelphp/fuel/app/classes/controller/books.php [] []
[2013-08-08 10:44:46] phpDocumentor.INFO:   No summary for class \Controller_Books [] []
[2013-08-08 10:44:46] phpDocumentor.INFO:   No summary for property $common_css [] []
[2013-08-08 10:44:46] phpDocumentor.INFO:   No summary for method __construct() [] []
[2013-08-08 10:44:46] phpDocumentor.INFO:   No summary for method getValidator() [] []
[2013-08-08 10:44:46] phpDocumentor.INFO:   No summary for method action_add() [] []
[2013-08-08 10:44:46] phpDocumentor.INFO:   No summary for method action_modify() [] []
[2013-08-08 10:44:46] phpDocumentor.INFO:   No summary for method action_delete() [] []
[2013-08-08 10:44:46] phpDocumentor.INFO: Parsing /var/www/fuelphp/fuel/app/classes/controller/validate.php [] []
[2013-08-08 10:44:46] phpDocumentor.INFO:   No summary for class \Controller_Validate [] []
[2013-08-08 10:44:46] phpDocumentor.INFO:   No summary for method action_auth() [] []
[2013-08-08 10:44:46] phpDocumentor.INFO:   No summary for method action_logout() [] []
[2013-08-08 10:44:46] phpDocumentor.INFO:   No summary for method action_isvalid() [] []
[2013-08-08 10:44:46] phpDocumentor.INFO:   No summary for method action_login() [] []
[2013-08-08 10:44:46] phpDocumentor.INFO:   No summary for method action_expired() [] []
[2013-08-08 10:44:46] phpDocumentor.INFO: Parsing /var/www/fuelphp/fuel/app/classes/controller/root.php [] []
[2013-08-08 10:44:46] phpDocumentor.INFO:   No summary for class \Controller_Root [] []
[2013-08-08 10:44:46] phpDocumentor.INFO:   No summary for property $css_scroll [] []
[2013-08-08 10:44:46] phpDocumentor.INFO:   No summary for method action_index() [] []
[2013-08-08 10:44:46] phpDocumentor.INFO:   No summary for method getOrder() [] []
[2013-08-08 10:44:46] phpDocumentor.INFO:   No summary for method action_list1() [] []
[2013-08-08 10:44:46] phpDocumentor.INFO:   No summary for method action_changeorder() [] []
[2013-08-08 10:44:46] phpDocumentor.INFO:   No summary for method action_details() [] []
[2013-08-08 10:44:46] phpDocumentor.INFO:   No summary for method action_list2() [] []
[2013-08-08 10:44:46] phpDocumentor.INFO:   No summary for method action_list3() [] []
[2013-08-08 10:44:46] phpDocumentor.INFO:   No summary for method action_list4() [] []
[2013-08-08 10:44:46] phpDocumentor.INFO:   No summary for method action_cart() [] []
[2013-08-08 10:44:46] phpDocumentor.INFO:   No summary for method action_addtocart() [] []
[2013-08-08 10:44:46] phpDocumentor.INFO:   No summary for method action_adduser() [] []
[2013-08-08 10:44:46] phpDocumentor.INFO:   No summary for method action_doadduser() [] []
[2013-08-08 10:44:46] phpDocumentor.INFO:   No summary for method action_clearcart() [] []
[2013-08-08 10:44:46] phpDocumentor.INFO: Parsing /var/www/fuelphp/fuel/app/classes/model/message.php [] []
[2013-08-08 10:44:46] phpDocumentor.INFO:   No summary for property $_table_name [] []
[2013-08-08 10:44:46] phpDocumentor.INFO:   No summary for property $_primary_key [] []
[2013-08-08 10:44:46] phpDocumentor.INFO:   No summary for property $_properties [] []
[2013-08-08 10:44:46] phpDocumentor.INFO: Parsing /var/www/fuelphp/fuel/app/classes/model/books.php [] []
[2013-08-08 10:44:46] phpDocumentor.INFO:   No summary for class \Model_Books [] []
[2013-08-08 10:44:46] phpDocumentor.INFO:   No summary for property $_table_name [] []
[2013-08-08 10:44:46] phpDocumentor.INFO:   No summary for property $_primary_key [] []
[2013-08-08 10:44:46] phpDocumentor.INFO:   No summary for property $_properties [] []
[2013-08-08 10:44:46] phpDocumentor.INFO: Parsing /var/www/fuelphp/fuel/app/classes/model/users.php [] []
[2013-08-08 10:44:46] phpDocumentor.INFO:   No summary for property $_table_name [] []
[2013-08-08 10:44:46] phpDocumentor.INFO:   No summary for property $_primary_key [] []
[2013-08-08 10:44:46] phpDocumentor.INFO:   No summary for property $_properties [] []
[2013-08-08 10:44:46] phpDocumentor.INFO: Parsing /var/www/fuelphp/fuel/app/classes/view/welcome/hello.php [] []
[2013-08-08 10:44:46] phpDocumentor.INFO: Parsing /var/www/fuelphp/fuel/app/classes/view/welcome/404.php [] []
[2013-08-08 10:44:46] phpDocumentor.INFO: Parsing /var/www/fuelphp/fuel/app/tasks/robots.php [] []
[2013-08-08 10:44:46] phpDocumentor.INFO: Storing cache in "/var/www/fuelphp/public/doc" ..  [] []
[2013-08-08 10:44:46] phpDocumentor.INFO: OK [] []
[2013-08-08 10:44:46] phpDocumentor.INFO: Load cache                                                           ..  [] []
[2013-08-08 10:44:46] phpDocumentor.INFO:    0.010s [] []
[2013-08-08 10:44:46] phpDocumentor.INFO: Preparing template "clean"                                           ..  [] []
[2013-08-08 10:44:46] phpDocumentor.INFO:    0.011s [] []
[2013-08-08 10:44:46] phpDocumentor.INFO: Preparing 15 transformations                                         ..  [] []
[2013-08-08 10:44:46] phpDocumentor.INFO:    0.000s [] []
[2013-08-08 10:44:46] phpDocumentor.INFO: Build "elements" index                                               ..  [] []
[2013-08-08 10:44:46] phpDocumentor.INFO:    0.001s [] []
[2013-08-08 10:44:46] phpDocumentor.INFO: Replace textual FQCNs with object aliases                            ..  [] []
[2013-08-08 10:44:46] phpDocumentor.INFO:    0.002s [] []
[2013-08-08 10:44:46] phpDocumentor.INFO: Build "packages" index                                               ..  [] []
[2013-08-08 10:44:46] phpDocumentor.INFO:    0.001s [] []
[2013-08-08 10:44:46] phpDocumentor.INFO: Build "namespaces" index and add namespaces to "elements"            ..  [] []
[2013-08-08 10:44:46] phpDocumentor.INFO:    0.000s [] []
[2013-08-08 10:44:46] phpDocumentor.INFO: Transform analyzed project into artifacts                            ..  [] []
[2013-08-08 10:44:47] phpDocumentor.INFO:    0.401s [] []
[2013-08-08 10:44:47] phpDocumentor.INFO: Analyze results and write report to log                              ..  [] []
[2013-08-08 10:44:47] phpDocumentor.DEBUG: In the ProjectDescriptor are:
        55 files
         1 top-level namespaces
        12 unresolvable parent classes
        13 phpDocumentor\Descriptor\ClassDescriptor elements
        37 phpDocumentor\Descriptor\MethodDescriptor elements
        11 phpDocumentor\Descriptor\PropertyDescriptor elements
         3 phpDocumentor\Descriptor\NamespaceDescriptor elements
 [] []
[2013-08-08 10:44:47] phpDocumentor.INFO:    0.000s [] []
