[2013-08-08 11:01:24] phpDocumentor.INFO: Collecting files ..  [] []
[2013-08-08 11:01:24] phpDocumentor.INFO: OK [] []
[2013-08-08 11:01:24] phpDocumentor.INFO: Initializing parser ..  [] []
[2013-08-08 11:01:24] phpDocumentor.INFO: OK [] []
[2013-08-08 11:01:24] phpDocumentor.INFO: Parsing files [] []
[2013-08-08 11:01:24] phpDocumentor.INFO: Parsing /var/www/fuelphp/fuel/app/bootstrap.php [] []
[2013-08-08 11:01:24] phpDocumentor.INFO: Parsing /var/www/fuelphp/fuel/app/config/development/db.php [] []
[2013-08-08 11:01:24] phpDocumentor.INFO: Parsing /var/www/fuelphp/fuel/app/config/routes.php [] []
[2013-08-08 11:01:24] phpDocumentor.INFO: Parsing /var/www/fuelphp/fuel/app/config/production/db.php [] []
[2013-08-08 11:01:24] phpDocumentor.INFO: Parsing /var/www/fuelphp/fuel/app/config/crypt.php [] []
[2013-08-08 11:01:24] phpDocumentor.INFO: Parsing /var/www/fuelphp/fuel/app/config/db.php [] []
[2013-08-08 11:01:24] phpDocumentor.INFO: Parsing /var/www/fuelphp/fuel/app/config/config.php [] []
[2013-08-08 11:01:24] phpDocumentor.INFO: Parsing /var/www/fuelphp/fuel/app/config/auth.php [] []
[2013-08-08 11:01:24] phpDocumentor.INFO: Parsing /var/www/fuelphp/fuel/app/config/test/db.php [] []
[2013-08-08 11:01:24] phpDocumentor.INFO: Parsing /var/www/fuelphp/fuel/app/config/simpleauth.php [] []
[2013-08-08 11:01:24] phpDocumentor.INFO: Parsing /var/www/fuelphp/fuel/app/config/staging/db.php [] []
[2013-08-08 11:01:24] phpDocumentor.INFO: Parsing /var/www/fuelphp/fuel/app/views/template.php [] []
[2013-08-08 11:01:24] phpDocumentor.INFO: Parsing /var/www/fuelphp/fuel/app/views/hello.php [] []
[2013-08-08 11:01:24] phpDocumentor.INFO: Parsing /var/www/fuelphp/fuel/app/views/mylink.php [] []
[2013-08-08 11:01:24] phpDocumentor.INFO: Parsing /var/www/fuelphp/fuel/app/views/validate/login.php [] []
[2013-08-08 11:01:24] phpDocumentor.INFO: Parsing /var/www/fuelphp/fuel/app/views/validate/expired.php [] []
[2013-08-08 11:01:24] phpDocumentor.INFO: Parsing /var/www/fuelphp/fuel/app/views/links.php [] []
[2013-08-08 11:01:24] phpDocumentor.INFO: Parsing /var/www/fuelphp/fuel/app/views/root/adduser.php [] []
[2013-08-08 11:01:24] phpDocumentor.INFO: Parsing /var/www/fuelphp/fuel/app/views/root/details.php [] []
[2013-08-08 11:01:24] phpDocumentor.INFO: Parsing /var/www/fuelphp/fuel/app/views/root/list2.php [] []
[2013-08-08 11:01:24] phpDocumentor.INFO: Parsing /var/www/fuelphp/fuel/app/views/root/list1.php [] []
[2013-08-08 11:01:24] phpDocumentor.INFO: Parsing /var/www/fuelphp/fuel/app/views/root/list3.php [] []
[2013-08-08 11:01:24] phpDocumentor.INFO: Parsing /var/www/fuelphp/fuel/app/views/root/cart.php [] []
[2013-08-08 11:01:24] phpDocumentor.INFO: Parsing /var/www/fuelphp/fuel/app/views/root/index.php [] []
[2013-08-08 11:01:24] phpDocumentor.INFO: Parsing /var/www/fuelphp/fuel/app/views/root/list4.php [] []
[2013-08-08 11:01:24] phpDocumentor.INFO: Parsing /var/www/fuelphp/fuel/app/views/header.php [] []
[2013-08-08 11:01:24] phpDocumentor.INFO: Parsing /var/www/fuelphp/fuel/app/views/auth/login.php [] []
[2013-08-08 11:01:24] phpDocumentor.INFO: Parsing /var/www/fuelphp/fuel/app/views/empty.php [] []
[2013-08-08 11:01:24] phpDocumentor.INFO: Parsing /var/www/fuelphp/fuel/app/views/style.php [] []
[2013-08-08 11:01:24] phpDocumentor.INFO: Parsing /var/www/fuelphp/fuel/app/views/script.php [] []
[2013-08-08 11:01:24] phpDocumentor.INFO: Parsing /var/www/fuelphp/fuel/app/views/books/add.php [] []
[2013-08-08 11:01:24] phpDocumentor.INFO: Parsing /var/www/fuelphp/fuel/app/views/books/modify.php [] []
[2013-08-08 11:01:24] phpDocumentor.INFO: Parsing /var/www/fuelphp/fuel/app/views/welcome/hello.php [] []
[2013-08-08 11:01:24] phpDocumentor.INFO: Parsing /var/www/fuelphp/fuel/app/views/welcome/404.php [] []
[2013-08-08 11:01:24] phpDocumentor.INFO: Parsing /var/www/fuelphp/fuel/app/views/welcome/update.php [] []
[2013-08-08 11:01:24] phpDocumentor.INFO: Parsing /var/www/fuelphp/fuel/app/views/welcome/index.php [] []
[2013-08-08 11:01:24] phpDocumentor.INFO: Parsing /var/www/fuelphp/fuel/app/logs/2013/08/02.php [] []
[2013-08-08 11:01:24] phpDocumentor.INFO: Parsing /var/www/fuelphp/fuel/app/logs/2013/08/08.php [] []
[2013-08-08 11:01:24] phpDocumentor.INFO: Parsing /var/www/fuelphp/fuel/app/logs/2013/08/05.php [] []
[2013-08-08 11:01:24] phpDocumentor.INFO: Parsing /var/www/fuelphp/fuel/app/logs/2013/08/07.php [] []
[2013-08-08 11:01:24] phpDocumentor.INFO: Parsing /var/www/fuelphp/fuel/app/logs/2013/08/06.php [] []
[2013-08-08 11:01:24] phpDocumentor.INFO: Parsing /var/www/fuelphp/fuel/app/classes/controller/protected.php [] []
[2013-08-08 11:01:24] phpDocumentor.INFO: Parsing /var/www/fuelphp/fuel/app/classes/controller/welcome.php [] []
[2013-08-08 11:01:24] phpDocumentor.INFO: Parsing /var/www/fuelphp/fuel/app/classes/controller/hello.php [] []
[2013-08-08 11:01:24] phpDocumentor.INFO: Parsing /var/www/fuelphp/fuel/app/classes/controller/auth.php [] []
[2013-08-08 11:01:24] phpDocumentor.INFO: Parsing /var/www/fuelphp/fuel/app/classes/controller/update.php [] []
[2013-08-08 11:01:24] phpDocumentor.INFO: Parsing /var/www/fuelphp/fuel/app/classes/controller/books.php [] []
[2013-08-08 11:01:24] phpDocumentor.INFO: Parsing /var/www/fuelphp/fuel/app/classes/controller/validate.php [] []
[2013-08-08 11:01:24] phpDocumentor.INFO: Parsing /var/www/fuelphp/fuel/app/classes/controller/root.php [] []
[2013-08-08 11:01:24] phpDocumentor.INFO: Parsing /var/www/fuelphp/fuel/app/classes/model/message.php [] []
[2013-08-08 11:01:24] phpDocumentor.INFO: Parsing /var/www/fuelphp/fuel/app/classes/model/books.php [] []
[2013-08-08 11:01:24] phpDocumentor.INFO: Parsing /var/www/fuelphp/fuel/app/classes/model/users.php [] []
[2013-08-08 11:01:24] phpDocumentor.INFO: Parsing /var/www/fuelphp/fuel/app/classes/view/welcome/hello.php [] []
[2013-08-08 11:01:24] phpDocumentor.INFO: Parsing /var/www/fuelphp/fuel/app/classes/view/welcome/404.php [] []
[2013-08-08 11:01:24] phpDocumentor.INFO: Parsing /var/www/fuelphp/fuel/app/tasks/robots.php [] []
[2013-08-08 11:01:24] phpDocumentor.INFO: Storing cache in "/var/www/fuelphp/public/doc" ..  [] []
[2013-08-08 11:01:24] phpDocumentor.INFO: OK [] []
[2013-08-08 11:01:24] phpDocumentor.INFO: Load cache                                                           ..  [] []
[2013-08-08 11:01:24] phpDocumentor.INFO:    0.008s [] []
[2013-08-08 11:01:24] phpDocumentor.INFO: Preparing template "clean"                                           ..  [] []
[2013-08-08 11:01:24] phpDocumentor.INFO:    0.009s [] []
[2013-08-08 11:01:24] phpDocumentor.INFO: Preparing 15 transformations                                         ..  [] []
[2013-08-08 11:01:24] phpDocumentor.INFO:    0.000s [] []
[2013-08-08 11:01:24] phpDocumentor.INFO: Build "elements" index                                               ..  [] []
[2013-08-08 11:01:24] phpDocumentor.INFO:    0.000s [] []
[2013-08-08 11:01:24] phpDocumentor.INFO: Replace textual FQCNs with object aliases                            ..  [] []
[2013-08-08 11:01:24] phpDocumentor.INFO:    0.003s [] []
[2013-08-08 11:01:24] phpDocumentor.INFO: Build "packages" index                                               ..  [] []
[2013-08-08 11:01:24] phpDocumentor.INFO:    0.001s [] []
[2013-08-08 11:01:24] phpDocumentor.INFO: Build "namespaces" index and add namespaces to "elements"            ..  [] []
[2013-08-08 11:01:24] phpDocumentor.INFO:    0.000s [] []
[2013-08-08 11:01:24] phpDocumentor.INFO: Transform analyzed project into artifacts                            ..  [] []
[2013-08-08 11:01:24] phpDocumentor.INFO:    0.406s [] []
[2013-08-08 11:01:24] phpDocumentor.INFO: Analyze results and write report to log                              ..  [] []
[2013-08-08 11:01:24] phpDocumentor.INFO:    0.000s [] []
